<?xml version="1.0" encoding="UTF-8"?>
<!-- Generated by org.testng.reporters.JUnitXMLReporter -->
<testsuite ignored="0" hostname="DESKTOP-KBJ6LQI" failures="0" tests="3" name="Test1" time="32.19" errors="0" timestamp="2025-03-05T11:58:14 IST">
  <testcase classname="testNGExecution.LaunchFacebook" name="launchFacebookTC" time="10.42"/>
  <testcase classname="testNGExecution.LaunchTwitter" name="launchTwitterTC" time="12.252"/>
  <testcase classname="testNGExecution.LaunchInstagram" name="launchInstagramTC" time="9.435"/>
</testsuite> <!-- Test1 -->
