<?xml version="1.0" encoding="UTF-8"?>
<!-- Generated by org.testng.reporters.JUnitXMLReporter -->
<testsuite ignored="0" hostname="DESKTOP-KBJ6LQI" failures="1" tests="1" name="Test" time="28.494" errors="0" timestamp="2025-03-20T11:37:12 IST">
  <testcase classname="listeners.ValidLogin" name="validLoginTC" time="2.151">
    <failure type="java.lang.NullPointerException" message="Cannot invoke &amp;quot;Object.toString()&amp;quot; because &amp;quot;cell&amp;quot; is null">
      <![CDATA[java.lang.NullPointerException: Cannot invoke "Object.toString()" because "cell" is null
at listeners.Flib.readExcelData(Flib.java:23)
at listeners.ValidLogin.validLoginTC(ValidLogin.java:20)
at java.base/java.util.ArrayList.forEach(ArrayList.java:1597)
... Removed 25 stack frames]]>
    </failure>
  </testcase> <!-- validLoginTC -->
</testsuite> <!-- Test -->
