<?xml version="1.0" encoding="UTF-8"?>
<!-- Generated by org.testng.reporters.JUnitXMLReporter -->
<testsuite ignored="0" hostname="DESKTOP-KBJ6LQI" failures="0" tests="3" name="Test2" time="29.53" errors="0" timestamp="2025-03-05T11:58:12 IST">
  <testcase classname="testNGExecution.LaunchFacebook" name="launchFacebookTC" time="10.312"/>
  <testcase classname="testNGExecution.LaunchTwitter" name="launchTwitterTC" time="10.488"/>
  <testcase classname="testNGExecution.LaunchInstagram" name="launchInstagramTC" time="8.648"/>
</testsuite> <!-- Test2 -->
