<?xml version="1.0" encoding="UTF-8"?>
<testng-results ignored="0" total="1" passed="1" failed="0" skipped="0">
  <reporter-output>
  </reporter-output>
  <suite started-at="2025-03-20T12:14:15 IST" name="Default suite" finished-at="2025-03-20T12:14:32 IST" duration-ms="16981">
    <groups>
    </groups>
    <test started-at="2025-03-20T12:14:15 IST" name="Default test" finished-at="2025-03-20T12:14:32 IST" duration-ms="16981">
      <class name="testPackage.TC_AddToCart_001_Test">
        <test-method is-config="true" signature="browserSetup()[pri:0, instance:testPackage.TC_AddToCart_001_Test@e350b40]" started-at="2025-03-20T12:14:15 IST" name="browserSetup" finished-at="2025-03-20T12:14:22 IST" duration-ms="7164" status="PASS">
          <reporter-output>
          </reporter-output>
        </test-method> <!-- browserSetup -->
        <test-method is-config="true" signature="validLogin()[pri:0, instance:testPackage.TC_AddToCart_001_Test@e350b40]" started-at="2025-03-20T12:14:22 IST" name="validLogin" finished-at="2025-03-20T12:14:26 IST" duration-ms="3536" status="PASS">
          <reporter-output>
          </reporter-output>
        </test-method> <!-- validLogin -->
        <test-method signature="addToCartMethod()[pri:0, instance:testPackage.TC_AddToCart_001_Test@e350b40]" started-at="2025-03-20T12:14:26 IST" name="addToCartMethod" finished-at="2025-03-20T12:14:29 IST" duration-ms="3294" status="PASS">
          <reporter-output>
          </reporter-output>
        </test-method> <!-- addToCartMethod -->
        <test-method is-config="true" signature="logOut()[pri:0, instance:testPackage.TC_AddToCart_001_Test@e350b40]" started-at="2025-03-20T12:14:29 IST" name="logOut" finished-at="2025-03-20T12:14:31 IST" duration-ms="1434" status="PASS">
          <reporter-output>
          </reporter-output>
        </test-method> <!-- logOut -->
        <test-method is-config="true" signature="tearDown()[pri:0, instance:testPackage.TC_AddToCart_001_Test@e350b40]" started-at="2025-03-20T12:14:31 IST" name="tearDown" finished-at="2025-03-20T12:14:32 IST" duration-ms="1468" status="PASS">
          <reporter-output>
          </reporter-output>
        </test-method> <!-- tearDown -->
      </class> <!-- testPackage.TC_AddToCart_001_Test -->
    </test> <!-- Default test -->
  </suite> <!-- Default suite -->
</testng-results>
